***********************************************************************
记录时间：2015-05-04 15:32:15
错误信息：Unable to update the EntitySet 'yysjSet' because it has a DefiningQuery and no <InsertFunction> element exists in the <ModificationFunctionMapping> element to support the current operation.
跟踪记录：
   在 System.Data.Entity.SqlServer.SqlGen.DmlSqlGenerator.ExpressionTranslator.Visit(DbScanExpression expression)
   在 System.Data.Entity.Core.Common.CommandTrees.DbScanExpression.Accept(DbExpressionVisitor visitor)
   在 System.Data.Entity.SqlServer.SqlGen.DmlSqlGenerator.GenerateInsertSql(DbInsertCommandTree tree, SqlGenerator sqlGenerator, List`1& parameters, Boolean generateReturningSql, Boolean upperCaseKeywords, Boolean createParameters)
   在 System.Data.Entity.SqlServer.SqlGen.SqlGenerator.GenerateSql(DbCommandTree tree, SqlVersion sqlVersion, List`1& parameters, CommandType& commandType, HashSet`1& paramsToForceNonUnicode)
   在 System.Data.Entity.SqlServer.SqlProviderServices.CreateCommand(DbProviderManifest providerManifest, DbCommandTree commandTree)
   在 System.Data.Entity.SqlServer.SqlProviderServices.CreateDbCommandDefinition(DbProviderManifest providerManifest, DbCommandTree commandTree)
   在 System.Data.Entity.Core.Common.DbProviderServices.CreateDbCommandDefinition(DbProviderManifest providerManifest, DbCommandTree commandTree, DbInterceptionContext interceptionContext)
   在 System.Data.Entity.Core.Common.DbProviderServices.CreateCommandDefinition(DbCommandTree commandTree, DbInterceptionContext interceptionContext)
   在 System.Data.Entity.Core.Common.DbProviderServices.CreateCommand(DbCommandTree commandTree, DbInterceptionContext interceptionContext)
   在 System.Data.Entity.Core.Mapping.Update.Internal.UpdateTranslator.CreateCommand(DbModificationCommandTree commandTree)
   在 System.Data.Entity.Core.Mapping.Update.Internal.DynamicUpdateCommand.CreateCommand(Dictionary`2 identifierValues)
   在 System.Data.Entity.Core.Mapping.Update.Internal.DynamicUpdateCommand.Execute(Dictionary`2 identifierValues, List`1 generatedValues)
   在 System.Data.Entity.Core.Mapping.Update.Internal.UpdateTranslator.Update()
   在 System.Data.Entity.Core.EntityClient.Internal.EntityAdapter.<Update>b__2(UpdateTranslator ut)
   在 System.Data.Entity.Core.EntityClient.Internal.EntityAdapter.Update[T](T noChangesResult, Func`2 updateFunction, Boolean throwOnClosedConnection)
   在 System.Data.Entity.Core.EntityClient.Internal.EntityAdapter.Update(Boolean throwOnClosedConnection)
   在 System.Data.Entity.Core.Objects.ObjectContext.<SaveChangesToStore>b__33()
   在 System.Data.Entity.Core.Objects.ObjectContext.ExecuteInTransaction[T](Func`1 func, IDbExecutionStrategy executionStrategy, Boolean startLocalTransaction, Boolean releaseConnectionOnSuccess)
   在 System.Data.Entity.Core.Objects.ObjectContext.SaveChangesToStore(SaveOptions options, IDbExecutionStrategy executionStrategy)
   在 System.Data.Entity.Core.Objects.ObjectContext.<>c__DisplayClass28.<SaveChanges>b__25()
   在 System.Data.Entity.SqlServer.DefaultSqlExecutionStrategy.Execute[TResult](Func`1 operation)
   在 System.Data.Entity.Core.Objects.ObjectContext.SaveChanges(SaveOptions options)
   在 System.Data.Entity.Internal.InternalContext.SaveChanges()
***********************************************************************
记录时间：2015-05-04 15:36:43
错误信息：Unable to update the EntitySet 'yysjSet' because it has a DefiningQuery and no <InsertFunction> element exists in the <ModificationFunctionMapping> element to support the current operation.
跟踪记录：
   在 System.Data.Entity.SqlServer.SqlGen.DmlSqlGenerator.ExpressionTranslator.Visit(DbScanExpression expression)
   在 System.Data.Entity.Core.Common.CommandTrees.DbScanExpression.Accept(DbExpressionVisitor visitor)
   在 System.Data.Entity.SqlServer.SqlGen.DmlSqlGenerator.GenerateInsertSql(DbInsertCommandTree tree, SqlGenerator sqlGenerator, List`1& parameters, Boolean generateReturningSql, Boolean upperCaseKeywords, Boolean createParameters)
   在 System.Data.Entity.SqlServer.SqlGen.SqlGenerator.GenerateSql(DbCommandTree tree, SqlVersion sqlVersion, List`1& parameters, CommandType& commandType, HashSet`1& paramsToForceNonUnicode)
   在 System.Data.Entity.SqlServer.SqlProviderServices.CreateCommand(DbProviderManifest providerManifest, DbCommandTree commandTree)
   在 System.Data.Entity.SqlServer.SqlProviderServices.CreateDbCommandDefinition(DbProviderManifest providerManifest, DbCommandTree commandTree)
   在 System.Data.Entity.Core.Common.DbProviderServices.CreateDbCommandDefinition(DbProviderManifest providerManifest, DbCommandTree commandTree, DbInterceptionContext interceptionContext)
   在 System.Data.Entity.Core.Common.DbProviderServices.CreateCommandDefinition(DbCommandTree commandTree, DbInterceptionContext interceptionContext)
   在 System.Data.Entity.Core.Common.DbProviderServices.CreateCommand(DbCommandTree commandTree, DbInterceptionContext interceptionContext)
   在 System.Data.Entity.Core.Mapping.Update.Internal.UpdateTranslator.CreateCommand(DbModificationCommandTree commandTree)
   在 System.Data.Entity.Core.Mapping.Update.Internal.DynamicUpdateCommand.CreateCommand(Dictionary`2 identifierValues)
   在 System.Data.Entity.Core.Mapping.Update.Internal.DynamicUpdateCommand.Execute(Dictionary`2 identifierValues, List`1 generatedValues)
   在 System.Data.Entity.Core.Mapping.Update.Internal.UpdateTranslator.Update()
   在 System.Data.Entity.Core.EntityClient.Internal.EntityAdapter.<Update>b__2(UpdateTranslator ut)
   在 System.Data.Entity.Core.EntityClient.Internal.EntityAdapter.Update[T](T noChangesResult, Func`2 updateFunction, Boolean throwOnClosedConnection)
   在 System.Data.Entity.Core.EntityClient.Internal.EntityAdapter.Update(Boolean throwOnClosedConnection)
   在 System.Data.Entity.Core.Objects.ObjectContext.<SaveChangesToStore>b__33()
   在 System.Data.Entity.Core.Objects.ObjectContext.ExecuteInTransaction[T](Func`1 func, IDbExecutionStrategy executionStrategy, Boolean startLocalTransaction, Boolean releaseConnectionOnSuccess)
   在 System.Data.Entity.Core.Objects.ObjectContext.SaveChangesToStore(SaveOptions options, IDbExecutionStrategy executionStrategy)
   在 System.Data.Entity.Core.Objects.ObjectContext.<>c__DisplayClass28.<SaveChanges>b__25()
   在 System.Data.Entity.SqlServer.DefaultSqlExecutionStrategy.Execute[TResult](Func`1 operation)
   在 System.Data.Entity.Core.Objects.ObjectContext.SaveChanges(SaveOptions options)
   在 System.Data.Entity.Internal.InternalContext.SaveChanges()
***********************************************************************
记录时间：2015-05-04 15:45:42
错误信息：Unable to update the EntitySet 'yysjSet' because it has a DefiningQuery and no <InsertFunction> element exists in the <ModificationFunctionMapping> element to support the current operation.
跟踪记录：
   在 System.Data.Entity.SqlServer.SqlGen.DmlSqlGenerator.ExpressionTranslator.Visit(DbScanExpression expression)
   在 System.Data.Entity.Core.Common.CommandTrees.DbScanExpression.Accept(DbExpressionVisitor visitor)
   在 System.Data.Entity.SqlServer.SqlGen.DmlSqlGenerator.GenerateInsertSql(DbInsertCommandTree tree, SqlGenerator sqlGenerator, List`1& parameters, Boolean generateReturningSql, Boolean upperCaseKeywords, Boolean createParameters)
   在 System.Data.Entity.SqlServer.SqlGen.SqlGenerator.GenerateSql(DbCommandTree tree, SqlVersion sqlVersion, List`1& parameters, CommandType& commandType, HashSet`1& paramsToForceNonUnicode)
   在 System.Data.Entity.SqlServer.SqlProviderServices.CreateCommand(DbProviderManifest providerManifest, DbCommandTree commandTree)
   在 System.Data.Entity.SqlServer.SqlProviderServices.CreateDbCommandDefinition(DbProviderManifest providerManifest, DbCommandTree commandTree)
   在 System.Data.Entity.Core.Common.DbProviderServices.CreateDbCommandDefinition(DbProviderManifest providerManifest, DbCommandTree commandTree, DbInterceptionContext interceptionContext)
   在 System.Data.Entity.Core.Common.DbProviderServices.CreateCommandDefinition(DbCommandTree commandTree, DbInterceptionContext interceptionContext)
   在 System.Data.Entity.Core.Common.DbProviderServices.CreateCommand(DbCommandTree commandTree, DbInterceptionContext interceptionContext)
   在 System.Data.Entity.Core.Mapping.Update.Internal.UpdateTranslator.CreateCommand(DbModificationCommandTree commandTree)
   在 System.Data.Entity.Core.Mapping.Update.Internal.DynamicUpdateCommand.CreateCommand(Dictionary`2 identifierValues)
   在 System.Data.Entity.Core.Mapping.Update.Internal.DynamicUpdateCommand.Execute(Dictionary`2 identifierValues, List`1 generatedValues)
   在 System.Data.Entity.Core.Mapping.Update.Internal.UpdateTranslator.Update()
   在 System.Data.Entity.Core.EntityClient.Internal.EntityAdapter.<Update>b__2(UpdateTranslator ut)
   在 System.Data.Entity.Core.EntityClient.Internal.EntityAdapter.Update[T](T noChangesResult, Func`2 updateFunction, Boolean throwOnClosedConnection)
   在 System.Data.Entity.Core.EntityClient.Internal.EntityAdapter.Update(Boolean throwOnClosedConnection)
   在 System.Data.Entity.Core.Objects.ObjectContext.<SaveChangesToStore>b__33()
   在 System.Data.Entity.Core.Objects.ObjectContext.ExecuteInTransaction[T](Func`1 func, IDbExecutionStrategy executionStrategy, Boolean startLocalTransaction, Boolean releaseConnectionOnSuccess)
   在 System.Data.Entity.Core.Objects.ObjectContext.SaveChangesToStore(SaveOptions options, IDbExecutionStrategy executionStrategy)
   在 System.Data.Entity.Core.Objects.ObjectContext.<>c__DisplayClass28.<SaveChanges>b__25()
   在 System.Data.Entity.SqlServer.DefaultSqlExecutionStrategy.Execute[TResult](Func`1 operation)
   在 System.Data.Entity.Core.Objects.ObjectContext.SaveChanges(SaveOptions options)
   在 System.Data.Entity.Internal.InternalContext.SaveChanges()
***********************************************************************
记录时间：2015-05-04 19:23:46
错误信息：更新条目时出错。有关详细信息，请参阅内部异常。
跟踪记录：
   在 System.Data.Entity.Core.Mapping.Update.Internal.UpdateTranslator.Update()
   在 System.Data.Entity.Core.EntityClient.Internal.EntityAdapter.<Update>b__2(UpdateTranslator ut)
   在 System.Data.Entity.Core.EntityClient.Internal.EntityAdapter.Update[T](T noChangesResult, Func`2 updateFunction, Boolean throwOnClosedConnection)
   在 System.Data.Entity.Core.EntityClient.Internal.EntityAdapter.Update(Boolean throwOnClosedConnection)
   在 System.Data.Entity.Core.Objects.ObjectContext.<SaveChangesToStore>b__33()
   在 System.Data.Entity.Core.Objects.ObjectContext.ExecuteInTransaction[T](Func`1 func, IDbExecutionStrategy executionStrategy, Boolean startLocalTransaction, Boolean releaseConnectionOnSuccess)
   在 System.Data.Entity.Core.Objects.ObjectContext.SaveChangesToStore(SaveOptions options, IDbExecutionStrategy executionStrategy)
   在 System.Data.Entity.Core.Objects.ObjectContext.<>c__DisplayClass28.<SaveChanges>b__25()
   在 System.Data.Entity.SqlServer.DefaultSqlExecutionStrategy.Execute[TResult](Func`1 operation)
   在 System.Data.Entity.Core.Objects.ObjectContext.SaveChanges(SaveOptions options)
   在 System.Data.Entity.Internal.InternalContext.SaveChanges()
