***********************************************************************
记录时间：2015-03-13 17:30:39
错误信息：对一个或多个实体的验证失败。有关详细信息，请参阅“EntityValidationErrors”属性。
跟踪记录：
   在 System.Data.Entity.Internal.InternalContext.SaveChanges()
   在 System.Data.Entity.Internal.LazyInternalContext.SaveChanges()
   在 System.Data.Entity.DbContext.SaveChanges()
   在 ICCardSystem.Utility.DALBase.SaveAllChanges() 位置 f:\Visual Studio 2013\ICCardSystem\ICCardSystem\Utility\DALBase.cs:行号 109
***********************************************************************
记录时间：2015-03-13 17:34:47
错误信息：对一个或多个实体的验证失败。有关详细信息，请参阅“EntityValidationErrors”属性。
跟踪记录：
   在 System.Data.Entity.Internal.InternalContext.SaveChanges()
   在 System.Data.Entity.Internal.LazyInternalContext.SaveChanges()
   在 System.Data.Entity.DbContext.SaveChanges()
   在 ICCardSystem.Utility.DALBase.SaveAllChanges() 位置 f:\Visual Studio 2013\ICCardSystem\ICCardSystem\Utility\DALBase.cs:行号 109
***********************************************************************
记录时间：2015-03-13 17:53:10
错误信息：对一个或多个实体的验证失败。有关详细信息，请参阅“EntityValidationErrors”属性。
跟踪记录：
   在 System.Data.Entity.Internal.InternalContext.SaveChanges()
   在 System.Data.Entity.Internal.LazyInternalContext.SaveChanges()
   在 System.Data.Entity.DbContext.SaveChanges()
   在 ICCardSystem.Utility.DALBase.SaveAllChanges() 位置 f:\Visual Studio 2013\ICCardSystem\ICCardSystem\Utility\DALBase.cs:行号 109
***********************************************************************
记录时间：2015-03-13 18:00:39
错误信息：对一个或多个实体的验证失败。有关详细信息，请参阅“EntityValidationErrors”属性。
跟踪记录：
   在 System.Data.Entity.Internal.InternalContext.SaveChanges()
   在 System.Data.Entity.Internal.LazyInternalContext.SaveChanges()
   在 System.Data.Entity.DbContext.SaveChanges()
   在 ICCardSystem.Utility.DALBase.SaveAllChanges() 位置 f:\Visual Studio 2013\ICCardSystem\ICCardSystem\Utility\DALBase.cs:行号 109
***********************************************************************
记录时间：2015-03-13 18:02:26
错误信息：对一个或多个实体的验证失败。有关详细信息，请参阅“EntityValidationErrors”属性。
跟踪记录：
   在 System.Data.Entity.Internal.InternalContext.SaveChanges()
   在 System.Data.Entity.Internal.LazyInternalContext.SaveChanges()
   在 System.Data.Entity.DbContext.SaveChanges()
   在 ICCardSystem.Utility.DALBase.SaveAllChanges() 位置 f:\Visual Studio 2013\ICCardSystem\ICCardSystem\Utility\DALBase.cs:行号 109
***********************************************************************
记录时间：2015-03-13 18:14:49
错误信息：对一个或多个实体的验证失败。有关详细信息，请参阅“EntityValidationErrors”属性。
跟踪记录：
   在 System.Data.Entity.Internal.InternalContext.SaveChanges()
   在 System.Data.Entity.Internal.LazyInternalContext.SaveChanges()
   在 System.Data.Entity.DbContext.SaveChanges()
   在 ICCardSystem.Utility.DALBase.SaveAllChanges() 位置 f:\Visual Studio 2013\ICCardSystem\ICCardSystem\Utility\DALBase.cs:行号 109
***********************************************************************
记录时间：2015-03-13 18:15:18
错误信息：对一个或多个实体的验证失败。有关详细信息，请参阅“EntityValidationErrors”属性。
跟踪记录：
   在 System.Data.Entity.Internal.InternalContext.SaveChanges()
   在 System.Data.Entity.Internal.LazyInternalContext.SaveChanges()
   在 System.Data.Entity.DbContext.SaveChanges()
   在 ICCardSystem.Utility.DALBase.SaveAllChanges() 位置 f:\Visual Studio 2013\ICCardSystem\ICCardSystem\Utility\DALBase.cs:行号 109
***********************************************************************
记录时间：2015-03-13 18:15:44
错误信息：对一个或多个实体的验证失败。有关详细信息，请参阅“EntityValidationErrors”属性。
跟踪记录：
   在 System.Data.Entity.Internal.InternalContext.SaveChanges()
   在 System.Data.Entity.Internal.LazyInternalContext.SaveChanges()
   在 System.Data.Entity.DbContext.SaveChanges()
   在 ICCardSystem.Utility.DALBase.SaveAllChanges() 位置 f:\Visual Studio 2013\ICCardSystem\ICCardSystem\Utility\DALBase.cs:行号 109
