***********************************************************************
记录时间：2015-03-16 14:44:02
错误信息：对一个或多个实体的验证失败。有关详细信息，请参阅“EntityValidationErrors”属性。
跟踪记录：
   在 System.Data.Entity.Internal.InternalContext.SaveChanges()
   在 System.Data.Entity.Internal.LazyInternalContext.SaveChanges()
   在 System.Data.Entity.DbContext.SaveChanges()
   在 ICCardSystem.Utility.DALBase.SaveAllChanges() 位置 f:\Visual Studio 2013\ICCardSystem\ICCardSystem\Utility\DALBase.cs:行号 109
***********************************************************************
记录时间：2015-03-16 15:00:38
错误信息：对一个或多个实体的验证失败。有关详细信息，请参阅“EntityValidationErrors”属性。
跟踪记录：
   在 System.Data.Entity.Internal.InternalContext.SaveChanges()
   在 System.Data.Entity.Internal.LazyInternalContext.SaveChanges()
   在 System.Data.Entity.DbContext.SaveChanges()
   在 ICCardSystem.Utility.DALBase.SaveAllChanges() 位置 f:\Visual Studio 2013\ICCardSystem\ICCardSystem\Utility\DALBase.cs:行号 109
***********************************************************************
记录时间：2015-03-16 15:17:12
错误信息：对一个或多个实体的验证失败。有关详细信息，请参阅“EntityValidationErrors”属性。
跟踪记录：
   在 System.Data.Entity.Internal.InternalContext.SaveChanges()
   在 System.Data.Entity.Internal.LazyInternalContext.SaveChanges()
   在 System.Data.Entity.DbContext.SaveChanges()
   在 ICCardSystem.Utility.DALBase.SaveAllChanges() 位置 f:\Visual Studio 2013\ICCardSystem\ICCardSystem\Utility\DALBase.cs:行号 109
***********************************************************************
记录时间：2015-03-16 15:19:12
错误信息：对一个或多个实体的验证失败。有关详细信息，请参阅“EntityValidationErrors”属性。
跟踪记录：
   在 System.Data.Entity.Internal.InternalContext.SaveChanges()
   在 System.Data.Entity.Internal.LazyInternalContext.SaveChanges()
   在 System.Data.Entity.DbContext.SaveChanges()
   在 ICCardSystem.Utility.DALBase.SaveAllChanges() 位置 f:\Visual Studio 2013\ICCardSystem\ICCardSystem\Utility\DALBase.cs:行号 109
***********************************************************************
记录时间：2015-03-16 15:27:02
错误信息：对一个或多个实体的验证失败。有关详细信息，请参阅“EntityValidationErrors”属性。
跟踪记录：
   在 System.Data.Entity.Internal.InternalContext.SaveChanges()
   在 System.Data.Entity.Internal.LazyInternalContext.SaveChanges()
   在 System.Data.Entity.DbContext.SaveChanges()
   在 ICCardSystem.Utility.DALBase.SaveAllChanges() 位置 f:\Visual Studio 2013\ICCardSystem\ICCardSystem\Utility\DALBase.cs:行号 109
***********************************************************************
记录时间：2015-03-16 15:40:04
错误信息：对一个或多个实体的验证失败。有关详细信息，请参阅“EntityValidationErrors”属性。
跟踪记录：
   在 System.Data.Entity.Internal.InternalContext.SaveChanges()
   在 System.Data.Entity.Internal.LazyInternalContext.SaveChanges()
   在 System.Data.Entity.DbContext.SaveChanges()
   在 ICCardSystem.Utility.DALBase.SaveAllChanges() 位置 f:\Visual Studio 2013\ICCardSystem\ICCardSystem\Utility\DALBase.cs:行号 109
***********************************************************************
记录时间：2015-03-16 15:40:07
错误信息：对一个或多个实体的验证失败。有关详细信息，请参阅“EntityValidationErrors”属性。
跟踪记录：
   在 System.Data.Entity.Internal.InternalContext.SaveChanges()
   在 System.Data.Entity.Internal.LazyInternalContext.SaveChanges()
   在 System.Data.Entity.DbContext.SaveChanges()
   在 ICCardSystem.Utility.DALBase.SaveAllChanges() 位置 f:\Visual Studio 2013\ICCardSystem\ICCardSystem\Utility\DALBase.cs:行号 109
***********************************************************************
记录时间：2015-03-16 15:40:11
错误信息：对一个或多个实体的验证失败。有关详细信息，请参阅“EntityValidationErrors”属性。
跟踪记录：
   在 System.Data.Entity.Internal.InternalContext.SaveChanges()
   在 System.Data.Entity.Internal.LazyInternalContext.SaveChanges()
   在 System.Data.Entity.DbContext.SaveChanges()
   在 ICCardSystem.Utility.DALBase.SaveAllChanges() 位置 f:\Visual Studio 2013\ICCardSystem\ICCardSystem\Utility\DALBase.cs:行号 109
***********************************************************************
记录时间：2015-03-16 15:58:08
错误信息：对一个或多个实体的验证失败。有关详细信息，请参阅“EntityValidationErrors”属性。
跟踪记录：
   在 System.Data.Entity.Internal.InternalContext.SaveChanges()
   在 System.Data.Entity.Internal.LazyInternalContext.SaveChanges()
   在 System.Data.Entity.DbContext.SaveChanges()
   在 ICCardSystem.Utility.DALBase.SaveAllChanges() 位置 f:\Visual Studio 2013\ICCardSystem\ICCardSystem\Utility\DALBase.cs:行号 109
***********************************************************************
记录时间：2015-03-16 16:00:29
错误信息：对一个或多个实体的验证失败。有关详细信息，请参阅“EntityValidationErrors”属性。
跟踪记录：
   在 System.Data.Entity.Internal.InternalContext.SaveChanges()
   在 System.Data.Entity.Internal.LazyInternalContext.SaveChanges()
   在 System.Data.Entity.DbContext.SaveChanges()
   在 ICCardSystem.Utility.DALBase.SaveAllChanges() 位置 f:\Visual Studio 2013\ICCardSystem\ICCardSystem\Utility\DALBase.cs:行号 109
